{
  "RSpec": {
    "coverage": {
      "/home/ad/lxhome/k/krivtsov/Linux/Ruby/ratebeer/app/helpers/application_helper.rb": {
        "lines": [
          1,
          null
        ]
      },
      "/home/ad/lxhome/k/krivtsov/Linux/Ruby/ratebeer/app/helpers/beerclubs_helper.rb": {
        "lines": [
          1,
          null
        ]
      },
      "/home/ad/lxhome/k/krivtsov/Linux/Ruby/ratebeer/app/helpers/beers_helper.rb": {
        "lines": [
          1,
          null
        ]
      },
      "/home/ad/lxhome/k/krivtsov/Linux/Ruby/ratebeer/app/helpers/breweries_helper.rb": {
        "lines": [
          1,
          null
        ]
      },
      "/home/ad/lxhome/k/krivtsov/Linux/Ruby/ratebeer/app/helpers/memberships_helper.rb": {
        "lines": [
          1,
          null
        ]
      },
      "/home/ad/lxhome/k/krivtsov/Linux/Ruby/ratebeer/app/helpers/users_helper.rb": {
        "lines": [
          1,
          null
        ]
      },
      "/home/ad/lxhome/k/krivtsov/Linux/Ruby/ratebeer/app/models/beer.rb": {
        "lines": [
          1,
          1,
          null,
          1,
          1,
          null,
          1,
          1,
          null,
          null,
          1,
          null,
          1,
          23,
          null,
          null
        ]
      },
      "/home/ad/lxhome/k/krivtsov/Linux/Ruby/ratebeer/app/models/application_record.rb": {
        "lines": [
          1,
          1,
          null
        ]
      },
      "/home/ad/lxhome/k/krivtsov/Linux/Ruby/ratebeer/app/models/concerns/rating_average.rb": {
        "lines": [
          1,
          1,
          null,
          1,
          11,
          null,
          null
        ]
      },
      "/home/ad/lxhome/k/krivtsov/Linux/Ruby/ratebeer/app/models/user.rb": {
        "lines": [
          1,
          1,
          null,
          1,
          38,
          null,
          null,
          1,
          38,
          null,
          null,
          1,
          26,
          null,
          11,
          null,
          null,
          1,
          24,
          44,
          44,
          44,
          41,
          20,
          20,
          17,
          17,
          null,
          null,
          null,
          44,
          null,
          24,
          null,
          null,
          1,
          24,
          24,
          24,
          24,
          null,
          null,
          1,
          24,
          44,
          44,
          44,
          41,
          20,
          20,
          17,
          17,
          null,
          null,
          null,
          44,
          null,
          24,
          null,
          null,
          1,
          24,
          24,
          24,
          24,
          null,
          null,
          1,
          null,
          1,
          1,
          null,
          1,
          1,
          1,
          null,
          1,
          1,
          null,
          1,
          null
        ]
      },
      "/home/ad/lxhome/k/krivtsov/Linux/Ruby/ratebeer/app/controllers/beers_controller.rb": {
        "lines": [
          1,
          1,
          1,
          null,
          null,
          1,
          5,
          null,
          null,
          null,
          1,
          0,
          0,
          null,
          null,
          null,
          1,
          2,
          2,
          2,
          null,
          null,
          null,
          1,
          0,
          0,
          null,
          null,
          null,
          1,
          2,
          null,
          2,
          2,
          2,
          1,
          null,
          1,
          1,
          2,
          1,
          null,
          null,
          null,
          null,
          null,
          1,
          0,
          0,
          0,
          0,
          null,
          0,
          0,
          null,
          null,
          null,
          null,
          null,
          1,
          0,
          null,
          0,
          0,
          0,
          null,
          null,
          null,
          1,
          null,
          null,
          1,
          0,
          null,
          null,
          null,
          1,
          2,
          null,
          null
        ]
      },
      "/home/ad/lxhome/k/krivtsov/Linux/Ruby/ratebeer/app/controllers/application_controller.rb": {
        "lines": [
          1,
          1,
          null,
          1,
          6,
          null,
          null,
          1,
          345,
          null,
          278,
          null,
          null
        ]
      },
      "/home/ad/lxhome/k/krivtsov/Linux/Ruby/ratebeer/app/models/brewery.rb": {
        "lines": [
          1,
          1,
          null,
          1,
          32,
          32,
          null,
          null,
          1,
          1,
          1,
          1,
          null,
          1,
          1,
          null
        ]
      },
      "/home/ad/lxhome/k/krivtsov/Linux/Ruby/ratebeer/app/controllers/sessions_controller.rb": {
        "lines": [
          1,
          1,
          null,
          null,
          1,
          14,
          14,
          13,
          13,
          null,
          1,
          null,
          null,
          null,
          1,
          1,
          1,
          null,
          null
        ]
      },
      "/home/ad/lxhome/k/krivtsov/Linux/Ruby/ratebeer/app/controllers/users_controller.rb": {
        "lines": [
          1,
          1,
          null,
          null,
          1,
          0,
          null,
          null,
          null,
          1,
          23,
          23,
          23,
          23,
          null,
          null,
          null,
          1,
          1,
          null,
          null,
          null,
          1,
          null,
          null,
          null,
          1,
          1,
          null,
          1,
          1,
          2,
          1,
          null,
          0,
          0,
          null,
          null,
          null,
          null,
          null,
          1,
          0,
          0,
          0,
          0,
          null,
          0,
          0,
          null,
          null,
          null,
          null,
          null,
          1,
          0,
          0,
          0,
          0,
          null,
          0,
          0,
          0,
          null,
          0,
          null,
          0,
          0,
          0,
          null,
          null,
          null,
          null,
          1,
          null,
          null,
          1,
          23,
          null,
          null,
          null,
          1,
          1,
          null,
          null
        ]
      },
      "/home/ad/lxhome/k/krivtsov/Linux/Ruby/ratebeer/app/models/rating.rb": {
        "lines": [
          1,
          1,
          1,
          null,
          1,
          null,
          null,
          null,
          1,
          16,
          null,
          null
        ]
      },
      "/home/ad/lxhome/k/krivtsov/Linux/Ruby/ratebeer/app/models/membership.rb": {
        "lines": [
          1,
          1,
          0,
          null,
          null
        ]
      },
      "/home/ad/lxhome/k/krivtsov/Linux/Ruby/ratebeer/app/models/beerclub.rb": {
        "lines": [
          1,
          1,
          1,
          null,
          1,
          0,
          null,
          null
        ]
      },
      "/home/ad/lxhome/k/krivtsov/Linux/Ruby/ratebeer/app/controllers/breweries_controller.rb": {
        "lines": [
          1,
          1,
          1,
          null,
          null,
          1,
          5,
          null,
          null,
          null,
          1,
          null,
          null,
          null,
          1,
          1,
          null,
          null,
          null,
          1,
          null,
          null,
          null,
          1,
          1,
          null,
          1,
          1,
          2,
          1,
          null,
          0,
          0,
          null,
          null,
          null,
          null,
          null,
          1,
          0,
          0,
          0,
          0,
          null,
          0,
          0,
          null,
          null,
          null,
          null,
          null,
          1,
          0,
          0,
          0,
          0,
          0,
          0,
          0,
          null,
          0,
          null,
          null,
          null,
          0,
          0,
          0,
          null,
          null,
          null,
          1,
          null,
          null,
          1,
          2,
          null,
          null,
          null,
          1,
          1,
          null,
          null
        ]
      },
      "/home/ad/lxhome/k/krivtsov/Linux/Ruby/ratebeer/lib/beermapping_api.rb": {
        "lines": [
          1,
          1,
          3,
          null,
          3,
          2,
          null,
          null,
          null,
          1,
          null,
          2,
          null,
          2,
          2,
          2,
          2,
          null,
          2,
          null,
          2,
          2,
          2,
          null,
          null,
          null,
          1,
          2,
          null,
          null,
          null,
          null,
          null
        ]
      },
      "/home/ad/lxhome/k/krivtsov/Linux/Ruby/ratebeer/app/models/place.rb": {
        "lines": [
          1,
          1,
          6,
          null,
          null
        ]
      },
      "/home/ad/lxhome/k/krivtsov/Linux/Ruby/ratebeer/app/controllers/places_controller.rb": {
        "lines": [
          1,
          1,
          null,
          null,
          1,
          null,
          null,
          1,
          3,
          3,
          1,
          null,
          2,
          null,
          null,
          null
        ]
      },
      "/home/ad/lxhome/k/krivtsov/Linux/Ruby/ratebeer/app/controllers/ratings_controller.rb": {
        "lines": [
          1,
          1,
          2,
          null,
          null,
          1,
          5,
          5,
          null,
          null,
          1,
          5,
          5,
          null,
          5,
          5,
          null,
          0,
          0,
          null,
          null,
          null,
          1,
          0,
          0,
          0,
          null,
          null
        ]
      },
      "/home/ad/lxhome/k/krivtsov/Linux/Ruby/ratebeer/app/channels/application_cable/channel.rb": {
        "lines": [
          0,
          0,
          0,
          0
        ],
        "branches": {
        }
      },
      "/home/ad/lxhome/k/krivtsov/Linux/Ruby/ratebeer/app/channels/application_cable/connection.rb": {
        "lines": [
          0,
          0,
          0,
          0
        ],
        "branches": {
        }
      },
      "/home/ad/lxhome/k/krivtsov/Linux/Ruby/ratebeer/app/controllers/beerclubs_controller.rb": {
        "lines": [
          0,
          0,
          0,
          null,
          null,
          0,
          0,
          0,
          0,
          0,
          null,
          null,
          0,
          0,
          0,
          0,
          null,
          null,
          0,
          0,
          0,
          null,
          null,
          0,
          0,
          null,
          null,
          0,
          0,
          null,
          0,
          0,
          0,
          0,
          0,
          0,
          0,
          0,
          0,
          0,
          null,
          null,
          0,
          0,
          0,
          0,
          0,
          0,
          0,
          0,
          0,
          0,
          0,
          null,
          null,
          0,
          0,
          null,
          0,
          0,
          0,
          0,
          0,
          null,
          0,
          null,
          null,
          0,
          0,
          0,
          null,
          null,
          0,
          0,
          0,
          0
        ],
        "branches": {
        }
      },
      "/home/ad/lxhome/k/krivtsov/Linux/Ruby/ratebeer/app/controllers/memberships_controller.rb": {
        "lines": [
          0,
          0,
          null,
          null,
          null,
          0,
          0,
          0,
          null,
          null,
          0,
          0,
          null,
          null,
          0,
          0,
          0,
          0,
          null,
          null,
          0,
          0,
          null,
          null,
          0,
          0,
          0,
          0,
          0,
          0,
          0,
          0,
          0,
          0,
          0,
          null,
          0,
          0,
          null,
          0,
          0,
          0,
          0,
          0,
          0,
          0,
          0,
          0,
          0,
          0,
          null,
          null,
          0,
          0,
          0,
          0,
          0,
          0,
          0,
          0,
          0,
          0,
          0,
          null,
          null,
          0,
          0,
          null,
          0,
          0,
          0,
          0,
          0,
          null,
          0,
          null,
          null,
          0,
          0,
          0,
          null,
          null,
          null,
          null,
          null,
          null,
          null,
          0,
          0,
          null,
          0,
          0,
          0
        ],
        "branches": {
        }
      },
      "/home/ad/lxhome/k/krivtsov/Linux/Ruby/ratebeer/app/jobs/application_job.rb": {
        "lines": [
          0,
          null,
          null,
          null,
          null,
          null,
          0
        ],
        "branches": {
        }
      },
      "/home/ad/lxhome/k/krivtsov/Linux/Ruby/ratebeer/app/mailers/application_mailer.rb": {
        "lines": [
          0,
          0,
          0,
          0
        ],
        "branches": {
        }
      }
    },
    "timestamp": 1671543724
  }
}
